[+] Containers:
 |- [+] Container: /Game/ThirdPerson/Maps/ThirdPersonMap
 |   |- [+] ActorDescs:
 |   |   |- Guid:0B61E98C45EC918A3F46C085183713DC BaseClass: NativeClass:/Script/Landscape.LandscapeStreamingProxy Name:LandscapeStreamingProxy_BFITJ23EG1Q33TWNHY4JR17NE_126_0_1_0 Label:LandscapeStreamingProxy_0_1_0 SpatiallyLoaded:1 Bounds:IsValid=true, Min=(X=-9400.000 Y=3200.000 Z=-100.000), Max=(X=3200.000 Y=9500.000 Z=100.000) RuntimeGrid:None EditorOnly:0 RuntimeOnly:0 HLODRelevant:1
 |   |   |- Guid:2FB58999456391D349DC0F86DAC136ED BaseClass: NativeClass:/Script/Engine.SkyLight Name:SkyLight_1 Label:SkyLight SpatiallyLoaded:0 Bounds:IsValid=true, Min=(X=0.000 Y=0.000 Z=690.000), Max=(X=0.000 Y=0.000 Z=690.000) RuntimeGrid:None EditorOnly:0 RuntimeOnly:0 HLODRelevant:0 FolderPath:Lighting FolderGuid:963EC3EB4002CCE9759E2EBA541A873A
 |   |   |- Guid:316CF2A6494ACA4C0E4180A87D36AB8F BaseClass: NativeClass:/Script/Engine.ExponentialHeightFog Name:ExponentialHeightFog_0 Label:ExponentialHeightFog SpatiallyLoaded:0 Bounds:IsValid=true, Min=(X=-5600.000 Y=-50.000 Z=-6850.000), Max=(X=-5600.000 Y=-50.000 Z=-6850.000) RuntimeGrid:None EditorOnly:0 RuntimeOnly:0 HLODRelevant:0 FolderPath:Lighting FolderGuid:963EC3EB4002CCE9759E2EBA541A873A
 |   |   |- Guid:3A00AA1C422CE54C0BDB60BAF471BFBB BaseClass: NativeClass:/Script/Engine.PlayerStart Name:PlayerStart_0 Label:PlayerStart SpatiallyLoaded:0 Bounds:IsValid=true, Min=(X=650.000 Y=1170.000 Z=0.013), Max=(X=730.000 Y=1250.000 Z=184.013) RuntimeGrid:None EditorOnly:0 RuntimeOnly:0 HLODRelevant:0
 |   |   |- Guid:4D3BE93F4146AAAC8BBE79999D96D57F BaseClass: NativeClass:/Script/Engine.VolumetricCloud Name:VolumetricCloud_0 Label:VolumetricCloud SpatiallyLoaded:0 Bounds:IsValid=true, Min=(X=0.000 Y=0.000 Z=820.000), Max=(X=0.000 Y=0.000 Z=820.000) RuntimeGrid:None EditorOnly:0 RuntimeOnly:0 HLODRelevant:0 FolderPath:Lighting FolderGuid:963EC3EB4002CCE9759E2EBA541A873A
 |   |   |- Guid:6BAF4DDD444C60371492D3919DB42C97 BaseClass: NativeClass:/Script/Engine.WorldDataLayers Name:WorldDataLayers Label:WorldDataLayers SpatiallyLoaded:0 Bounds:IsValid=true, Min=(X=0.000 Y=0.000 Z=0.000), Max=(X=0.000 Y=0.000 Z=0.000) RuntimeGrid:None EditorOnly:0 RuntimeOnly:0 HLODRelevant:0
 |   |   |- Guid:745A095B4BA4E157E4537FA63F5B7B43 BaseClass: NativeClass:/Script/Engine.StaticMeshActor Name:StaticMeshActor_2 Label:SM_ChamferCube SpatiallyLoaded:1 Bounds:IsValid=true, Min=(X=1100.000 Y=2000.000 Z=0.013), Max=(X=1200.000 Y=2100.000 Z=100.013) RuntimeGrid:None EditorOnly:0 RuntimeOnly:0 HLODRelevant:0
 |   |   |- Guid:80A949B141D38AFD7421C09E22203D29 BaseClass: NativeClass:/Script/Landscape.LandscapeStreamingProxy Name:LandscapeStreamingProxy_BFITJ23EG1Q33TWNHY4JR17NE_126_1_1_0 Label:LandscapeStreamingProxy_1_1_0 SpatiallyLoaded:1 Bounds:IsValid=true, Min=(X=3200.000 Y=3200.000 Z=-100.000), Max=(X=9500.000 Y=9500.000 Z=100.000) RuntimeGrid:None EditorOnly:0 RuntimeOnly:0 HLODRelevant:1
 |   |   |- Guid:943776F640E985BF77EAB8833D40E96E BaseClass:/Game/CombatSystem/BP/Actors/BP_PickUpActor.BP_PickUpActor_C NativeClass:/Script/Engine.Actor Name:BP_PickUpActor_C_UAID_7486E2133B2DD07901_2002368544 Label:BP_PickUpActor2 SpatiallyLoaded:1 Bounds:IsValid=true, Min=(X=1220.000 Y=1240.000 Z=-80.000), Max=(X=1520.000 Y=1540.000 Z=220.000) RuntimeGrid:None EditorOnly:0 RuntimeOnly:0 HLODRelevant:0
 |   |   |- Guid:9BFF363746062F457E2F92A4631DBA20 BaseClass: NativeClass:/Script/Engine.StaticMeshActor Name:StaticMeshActor_11 Label:SM_ChamferCube3 SpatiallyLoaded:1 Bounds:IsValid=true, Min=(X=481.699 Y=2271.699 Z=0.013), Max=(X=618.301 Y=2408.301 Z=100.013) RuntimeGrid:None EditorOnly:0 RuntimeOnly:0 HLODRelevant:0
 |   |   |- Guid:A4A7816646443B5CB255CBBE90F81C87 BaseClass: NativeClass:/Script/Landscape.LandscapeStreamingProxy Name:LandscapeStreamingProxy_BFITJ23EG1Q33TWNHY4JR17NE_126_1_0_0 Label:LandscapeStreamingProxy_1_0_0 SpatiallyLoaded:1 Bounds:IsValid=true, Min=(X=3200.000 Y=-9400.000 Z=-100.000), Max=(X=9500.000 Y=3200.000 Z=100.000) RuntimeGrid:None EditorOnly:0 RuntimeOnly:0 HLODRelevant:1
 |   |   |- Guid:B676F5A843D2BE10C777D59988A0400F BaseClass:/Game/CombatSystem/BP/Actors/BP_PickUpActor.BP_PickUpActor_C NativeClass:/Script/Engine.Actor Name:BP_PickUpActor_C_UAID_7486E2133B2DCE7901_2073204191 Label:BP_PickUpActor SpatiallyLoaded:1 Bounds:IsValid=true, Min=(X=600.000 Y=920.000 Z=-70.000), Max=(X=900.000 Y=1220.000 Z=230.000) RuntimeGrid:None EditorOnly:0 RuntimeOnly:0 HLODRelevant:0
 |   |   |- Guid:B785ED2844B84CFB91E7F39FE661CD99 BaseClass: NativeClass:/Script/Engine.DirectionalLight Name:DirectionalLight_0 Label:DirectionalLight SpatiallyLoaded:0 Bounds:IsValid=true, Min=(X=-1048576.000 Y=-1048576.000 Z=-1048576.000), Max=(X=1048576.000 Y=1048576.000 Z=1048576.000) RuntimeGrid:None EditorOnly:0 RuntimeOnly:0 HLODRelevant:0 FolderPath:Lighting FolderGuid:963EC3EB4002CCE9759E2EBA541A873A
 |   |   |- Guid:CCFF262C46EEFFDF319E7F9539CE697E BaseClass: NativeClass:/Script/Engine.SkyAtmosphere Name:SkyAtmosphere_0 Label:SkyAtmosphere SpatiallyLoaded:0 Bounds:IsValid=true, Min=(X=0.000 Y=0.000 Z=1020.000), Max=(X=0.000 Y=0.000 Z=1020.000) RuntimeGrid:None EditorOnly:0 RuntimeOnly:0 HLODRelevant:0 FolderPath:Lighting FolderGuid:963EC3EB4002CCE9759E2EBA541A873A
 |   |   |- Guid:D5206B8641C1715DE92C2A832F75BB77 BaseClass: NativeClass:/Script/Landscape.LandscapeStreamingProxy Name:LandscapeStreamingProxy_BFITJ23EG1Q33TWNHY4JR17NE_126_0_0_0 Label:LandscapeStreamingProxy_0_0_0 SpatiallyLoaded:1 Bounds:IsValid=true, Min=(X=-9400.000 Y=-9400.000 Z=-100.000), Max=(X=3200.000 Y=3200.000 Z=100.000) RuntimeGrid:None EditorOnly:0 RuntimeOnly:0 HLODRelevant:1
 |   |   |- Guid:E73E39994140315EB81324BF0A5D6400 BaseClass: NativeClass:/Script/Engine.StaticMeshActor Name:StaticMeshActor_10 Label:SM_ChamferCube2 SpatiallyLoaded:1 Bounds:IsValid=true, Min=(X=992.077 Y=2692.077 Z=0.013), Max=(X=1107.923 Y=2807.923 Z=100.013) RuntimeGrid:None EditorOnly:0 RuntimeOnly:0 HLODRelevant:0
 |   |   |- Guid:EC4E0C944CE6AC6E784BC6BB2916EA13 BaseClass: NativeClass:/Script/Engine.StaticMeshActor Name:StaticMeshActor_UAID_A4AE111137DC5EFB00_1110535423 Label:SM_SkySphere SpatiallyLoaded:0 Bounds:IsValid=true, Min=(X=-1638400.000 Y=-1638400.000 Z=-1638400.000), Max=(X=1638400.000 Y=1638400.000 Z=1638400.000) RuntimeGrid:None EditorOnly:0 RuntimeOnly:0 HLODRelevant:1 FolderPath:Lighting FolderGuid:963EC3EB4002CCE9759E2EBA541A873A
 |   |   |- Guid:F5E3FEB3450C49844FD93DA8E083C8AD BaseClass: NativeClass:/Script/Engine.PostProcessVolume Name:PostProcessVolume_0 Label:PostProcessVolume SpatiallyLoaded:0 Bounds:IsValid=true, Min=(X=0.000 Y=0.000 Z=400.000), Max=(X=200.000 Y=200.000 Z=600.000) RuntimeGrid:None EditorOnly:0 RuntimeOnly:0 HLODRelevant:0 FolderPath:Lighting FolderGuid:963EC3EB4002CCE9759E2EBA541A873A
 |   |   |- Guid:F8A58CC449261DC0D19F51A9F1C0FA62 BaseClass: NativeClass:/Script/Landscape.Landscape Name:Landscape_UAID_7486E2133B2DE87C01_1520995935 Label:Landscape SpatiallyLoaded:0 Bounds:IsValid=true, Min=(X=-9400.000 Y=-9400.000 Z=0.000), Max=(X=-9400.000 Y=-9400.000 Z=0.000) RuntimeGrid:None EditorOnly:0 RuntimeOnly:0 HLODRelevant:0
 |   |- [+] Clusters:
 |   |   |- [+] [  0]
 |   |   |   |- Guid:6BAF4DDD444C60371492D3919DB42C97 BaseClass: NativeClass:/Script/Engine.WorldDataLayers Name:WorldDataLayers Label:WorldDataLayers SpatiallyLoaded:0 Bounds:IsValid=true, Min=(X=0.000 Y=0.000 Z=0.000), Max=(X=0.000 Y=0.000 Z=0.000) RuntimeGrid:None EditorOnly:0 RuntimeOnly:0 HLODRelevant:0
 |   |   |- [+] [  1]
 |   |   |   |- Guid:F5E3FEB3450C49844FD93DA8E083C8AD BaseClass: NativeClass:/Script/Engine.PostProcessVolume Name:PostProcessVolume_0 Label:PostProcessVolume SpatiallyLoaded:0 Bounds:IsValid=true, Min=(X=0.000 Y=0.000 Z=400.000), Max=(X=200.000 Y=200.000 Z=600.000) RuntimeGrid:None EditorOnly:0 RuntimeOnly:0 HLODRelevant:0 FolderPath:Lighting FolderGuid:963EC3EB4002CCE9759E2EBA541A873A
 |   |   |- [+] [  2]
 |   |   |   |- Guid:E73E39994140315EB81324BF0A5D6400 BaseClass: NativeClass:/Script/Engine.StaticMeshActor Name:StaticMeshActor_10 Label:SM_ChamferCube2 SpatiallyLoaded:1 Bounds:IsValid=true, Min=(X=992.077 Y=2692.077 Z=0.013), Max=(X=1107.923 Y=2807.923 Z=100.013) RuntimeGrid:None EditorOnly:0 RuntimeOnly:0 HLODRelevant:0
 |   |   |- [+] [  3]
 |   |   |   |- Guid:B676F5A843D2BE10C777D59988A0400F BaseClass:/Game/CombatSystem/BP/Actors/BP_PickUpActor.BP_PickUpActor_C NativeClass:/Script/Engine.Actor Name:BP_PickUpActor_C_UAID_7486E2133B2DCE7901_2073204191 Label:BP_PickUpActor SpatiallyLoaded:1 Bounds:IsValid=true, Min=(X=600.000 Y=920.000 Z=-70.000), Max=(X=900.000 Y=1220.000 Z=230.000) RuntimeGrid:None EditorOnly:0 RuntimeOnly:0 HLODRelevant:0
 |   |   |- [+] [  4]
 |   |   |   |- Guid:4D3BE93F4146AAAC8BBE79999D96D57F BaseClass: NativeClass:/Script/Engine.VolumetricCloud Name:VolumetricCloud_0 Label:VolumetricCloud SpatiallyLoaded:0 Bounds:IsValid=true, Min=(X=0.000 Y=0.000 Z=820.000), Max=(X=0.000 Y=0.000 Z=820.000) RuntimeGrid:None EditorOnly:0 RuntimeOnly:0 HLODRelevant:0 FolderPath:Lighting FolderGuid:963EC3EB4002CCE9759E2EBA541A873A
 |   |   |- [+] [  5]
 |   |   |   |- Guid:A4A7816646443B5CB255CBBE90F81C87 BaseClass: NativeClass:/Script/Landscape.LandscapeStreamingProxy Name:LandscapeStreamingProxy_BFITJ23EG1Q33TWNHY4JR17NE_126_1_0_0 Label:LandscapeStreamingProxy_1_0_0 SpatiallyLoaded:1 Bounds:IsValid=true, Min=(X=3200.000 Y=-9400.000 Z=-100.000), Max=(X=9500.000 Y=3200.000 Z=100.000) RuntimeGrid:None EditorOnly:0 RuntimeOnly:0 HLODRelevant:1
 |   |   |- [+] [  6]
 |   |   |   |- Guid:CCFF262C46EEFFDF319E7F9539CE697E BaseClass: NativeClass:/Script/Engine.SkyAtmosphere Name:SkyAtmosphere_0 Label:SkyAtmosphere SpatiallyLoaded:0 Bounds:IsValid=true, Min=(X=0.000 Y=0.000 Z=1020.000), Max=(X=0.000 Y=0.000 Z=1020.000) RuntimeGrid:None EditorOnly:0 RuntimeOnly:0 HLODRelevant:0 FolderPath:Lighting FolderGuid:963EC3EB4002CCE9759E2EBA541A873A
 |   |   |- [+] [  7]
 |   |   |   |- Guid:EC4E0C944CE6AC6E784BC6BB2916EA13 BaseClass: NativeClass:/Script/Engine.StaticMeshActor Name:StaticMeshActor_UAID_A4AE111137DC5EFB00_1110535423 Label:SM_SkySphere SpatiallyLoaded:0 Bounds:IsValid=true, Min=(X=-1638400.000 Y=-1638400.000 Z=-1638400.000), Max=(X=1638400.000 Y=1638400.000 Z=1638400.000) RuntimeGrid:None EditorOnly:0 RuntimeOnly:0 HLODRelevant:1 FolderPath:Lighting FolderGuid:963EC3EB4002CCE9759E2EBA541A873A
 |   |   |- [+] [  8]
 |   |   |   |- Guid:9BFF363746062F457E2F92A4631DBA20 BaseClass: NativeClass:/Script/Engine.StaticMeshActor Name:StaticMeshActor_11 Label:SM_ChamferCube3 SpatiallyLoaded:1 Bounds:IsValid=true, Min=(X=481.699 Y=2271.699 Z=0.013), Max=(X=618.301 Y=2408.301 Z=100.013) RuntimeGrid:None EditorOnly:0 RuntimeOnly:0 HLODRelevant:0
 |   |   |- [+] [  9]
 |   |   |   |- Guid:B785ED2844B84CFB91E7F39FE661CD99 BaseClass: NativeClass:/Script/Engine.DirectionalLight Name:DirectionalLight_0 Label:DirectionalLight SpatiallyLoaded:0 Bounds:IsValid=true, Min=(X=-1048576.000 Y=-1048576.000 Z=-1048576.000), Max=(X=1048576.000 Y=1048576.000 Z=1048576.000) RuntimeGrid:None EditorOnly:0 RuntimeOnly:0 HLODRelevant:0 FolderPath:Lighting FolderGuid:963EC3EB4002CCE9759E2EBA541A873A
 |   |   |- [+] [ 10]
 |   |   |   |- Guid:316CF2A6494ACA4C0E4180A87D36AB8F BaseClass: NativeClass:/Script/Engine.ExponentialHeightFog Name:ExponentialHeightFog_0 Label:ExponentialHeightFog SpatiallyLoaded:0 Bounds:IsValid=true, Min=(X=-5600.000 Y=-50.000 Z=-6850.000), Max=(X=-5600.000 Y=-50.000 Z=-6850.000) RuntimeGrid:None EditorOnly:0 RuntimeOnly:0 HLODRelevant:0 FolderPath:Lighting FolderGuid:963EC3EB4002CCE9759E2EBA541A873A
 |   |   |- [+] [ 11]
 |   |   |   |- Guid:80A949B141D38AFD7421C09E22203D29 BaseClass: NativeClass:/Script/Landscape.LandscapeStreamingProxy Name:LandscapeStreamingProxy_BFITJ23EG1Q33TWNHY4JR17NE_126_1_1_0 Label:LandscapeStreamingProxy_1_1_0 SpatiallyLoaded:1 Bounds:IsValid=true, Min=(X=3200.000 Y=3200.000 Z=-100.000), Max=(X=9500.000 Y=9500.000 Z=100.000) RuntimeGrid:None EditorOnly:0 RuntimeOnly:0 HLODRelevant:1
 |   |   |- [+] [ 12]
 |   |   |   |- Guid:0B61E98C45EC918A3F46C085183713DC BaseClass: NativeClass:/Script/Landscape.LandscapeStreamingProxy Name:LandscapeStreamingProxy_BFITJ23EG1Q33TWNHY4JR17NE_126_0_1_0 Label:LandscapeStreamingProxy_0_1_0 SpatiallyLoaded:1 Bounds:IsValid=true, Min=(X=-9400.000 Y=3200.000 Z=-100.000), Max=(X=3200.000 Y=9500.000 Z=100.000) RuntimeGrid:None EditorOnly:0 RuntimeOnly:0 HLODRelevant:1
 |   |   |- [+] [ 13]
 |   |   |   |- Guid:2FB58999456391D349DC0F86DAC136ED BaseClass: NativeClass:/Script/Engine.SkyLight Name:SkyLight_1 Label:SkyLight SpatiallyLoaded:0 Bounds:IsValid=true, Min=(X=0.000 Y=0.000 Z=690.000), Max=(X=0.000 Y=0.000 Z=690.000) RuntimeGrid:None EditorOnly:0 RuntimeOnly:0 HLODRelevant:0 FolderPath:Lighting FolderGuid:963EC3EB4002CCE9759E2EBA541A873A
 |   |   |- [+] [ 14]
 |   |   |   |- Guid:943776F640E985BF77EAB8833D40E96E BaseClass:/Game/CombatSystem/BP/Actors/BP_PickUpActor.BP_PickUpActor_C NativeClass:/Script/Engine.Actor Name:BP_PickUpActor_C_UAID_7486E2133B2DD07901_2002368544 Label:BP_PickUpActor2 SpatiallyLoaded:1 Bounds:IsValid=true, Min=(X=1220.000 Y=1240.000 Z=-80.000), Max=(X=1520.000 Y=1540.000 Z=220.000) RuntimeGrid:None EditorOnly:0 RuntimeOnly:0 HLODRelevant:0
 |   |   |- [+] [ 15]
 |   |   |   |- Guid:F8A58CC449261DC0D19F51A9F1C0FA62 BaseClass: NativeClass:/Script/Landscape.Landscape Name:Landscape_UAID_7486E2133B2DE87C01_1520995935 Label:Landscape SpatiallyLoaded:0 Bounds:IsValid=true, Min=(X=-9400.000 Y=-9400.000 Z=0.000), Max=(X=-9400.000 Y=-9400.000 Z=0.000) RuntimeGrid:None EditorOnly:0 RuntimeOnly:0 HLODRelevant:0
 |   |   |- [+] [ 16]
 |   |   |   |- Guid:3A00AA1C422CE54C0BDB60BAF471BFBB BaseClass: NativeClass:/Script/Engine.PlayerStart Name:PlayerStart_0 Label:PlayerStart SpatiallyLoaded:0 Bounds:IsValid=true, Min=(X=650.000 Y=1170.000 Z=0.013), Max=(X=730.000 Y=1250.000 Z=184.013) RuntimeGrid:None EditorOnly:0 RuntimeOnly:0 HLODRelevant:0
 |   |   |- [+] [ 17]
 |   |   |   |- Guid:745A095B4BA4E157E4537FA63F5B7B43 BaseClass: NativeClass:/Script/Engine.StaticMeshActor Name:StaticMeshActor_2 Label:SM_ChamferCube SpatiallyLoaded:1 Bounds:IsValid=true, Min=(X=1100.000 Y=2000.000 Z=0.013), Max=(X=1200.000 Y=2100.000 Z=100.013) RuntimeGrid:None EditorOnly:0 RuntimeOnly:0 HLODRelevant:0
 |   |   |- [+] [ 18]
 |   |   |   |- Guid:D5206B8641C1715DE92C2A832F75BB77 BaseClass: NativeClass:/Script/Landscape.LandscapeStreamingProxy Name:LandscapeStreamingProxy_BFITJ23EG1Q33TWNHY4JR17NE_126_0_0_0 Label:LandscapeStreamingProxy_0_0_0 SpatiallyLoaded:1 Bounds:IsValid=true, Min=(X=-9400.000 Y=-9400.000 Z=-100.000), Max=(X=3200.000 Y=3200.000 Z=100.000) RuntimeGrid:None EditorOnly:0 RuntimeOnly:0 HLODRelevant:1
 |- ContainerInstances:
 |- [+] MainContainer:
 |   |-        ID: 0x0000000000000000
 |   |-    Bounds: IsValid=false, Min=(X=0.000 Y=0.000 Z=0.000), Max=(X=0.000 Y=0.000 Z=0.000)
 |   |- Transform: 0.000000,0.000000,0.000000|0.000000,0.000000,-0.000000|1.000000,1.000000,1.000000
 |   |- Container: /Game/ThirdPerson/Maps/ThirdPersonMap
----------------------------------------------------------------------------------------------------------------
ThirdPersonMap - Persistent Level
----------------------------------------------------------------------------------------------------------------
Always loaded Actor Count: 26 

----------------------------------------------------------------------------------------------------------------
ThirdPersonMap - Runtime Spatial Hash - Streaming Grid - MainGrid
----------------------------------------------------------------------------------------------------------------
            Origin: X=0.000 Y=0.000 Z=0.000
         Cell Size: 12800
      World Bounds: IsValid=false, Min=(X=0.000 Y=0.000 Z=0.000), Max=(X=0.000 Y=0.000 Z=0.000)
     Loading Range: 25600.00
Block Slow Loading: No
 ClientOnlyVisible: No

[+] Grid Levels: 1
 |- Level  0: Cell Count    0 | Cell Size   12800 | Actor Count    0 (0.0%)

[+] Content of Grid Level 0

